<?xml version="1.0" encoding="UTF-8"?>
<!-- Generated by org.testng.reporters.JUnitXMLReporter -->
<testsuite ignored="3" hostname="CC-LT001062" failures="0" tests="1" name="Default test" time="6.609" errors="0" timestamp="2024-02-23T10:26:45 IST">
  <testcase classname="api.tests.UserTests" name="postUsers" time="6.179"/>
  <testcase classname="api.tests.UserTests" name="getUsers" time="0.0">
    <ignored/>
  </testcase> <!-- getUsers -->
  <testcase classname="api.tests.UserTests" name="updateUsers" time="0.0">
    <ignored/>
  </testcase> <!-- updateUsers -->
  <testcase classname="api.tests.UserTests" name="deleteUsers" time="0.0">
    <ignored/>
  </testcase> <!-- deleteUsers -->
</testsuite> <!-- Default test -->
