<?xml version="1.0" encoding="UTF-8"?>
<testng-results ignored="0" total="1" passed="1" failed="0" skipped="0">
  <reporter-output>
  </reporter-output>
  <suite started-at="2024-02-23T10:26:38 IST" name="Default suite" finished-at="2024-02-23T10:26:45 IST" duration-ms="6609">
    <groups>
    </groups>
    <test started-at="2024-02-23T10:26:38 IST" name="Default test" finished-at="2024-02-23T10:26:45 IST" duration-ms="6609">
      <class name="api.tests.UserTests">
        <test-method is-config="true" signature="setup()[pri:0, instance:api.tests.UserTests@5c6648b0]" started-at="2024-02-23T10:26:39 IST" name="setup" finished-at="2024-02-23T10:26:39 IST" duration-ms="378" status="PASS">
          <reporter-output>
          </reporter-output>
        </test-method> <!-- setup -->
        <test-method signature="postUsers()[pri:1, instance:api.tests.UserTests@5c6648b0]" started-at="2024-02-23T10:26:39 IST" name="postUsers" finished-at="2024-02-23T10:26:45 IST" duration-ms="6179" status="PASS">
          <reporter-output>
          </reporter-output>
        </test-method> <!-- postUsers -->
      </class> <!-- api.tests.UserTests -->
    </test> <!-- Default test -->
  </suite> <!-- Default suite -->
</testng-results>
